-----------------------------------------------------------------------------------------------------------------
      name:  <unnamed>
       log:  /Users/dcy/Documents/Thesis/trial.log
  log type:  text
 opened on:  15 Aug 2024, 17:27:45

. import delimited merged_1979_clean.csv
file merged_1979_clean.csv not found
r(601);

. import delimited YA/merged_1979_clean.csv
(encoding automatically selected: ISO-8859-1)
(57 vars, 19,290 obs)

. ologit hgc_ya cfemale1 m_hgc_ya m_age_ya

Iteration 0:  Log likelihood =  -14240.15  
Iteration 1:  Log likelihood = -13738.829  
Iteration 2:  Log likelihood = -13735.006  
Iteration 3:  Log likelihood = -13735.002  
Iteration 4:  Log likelihood = -13735.002  

Ordered logistic regression                            Number of obs =   8,634
                                                       LR chi2(3)    = 1010.30
                                                       Prob > chi2   =  0.0000
Log likelihood = -13735.002                            Pseudo R2     =  0.0355

------------------------------------------------------------------------------
      hgc_ya | Coefficient  Std. err.      z    P>|z|     [95% conf. interval]
-------------+----------------------------------------------------------------
    cfemale1 |   .0377777   .0385585     0.98   0.327    -.0377956     .113351
    m_hgc_ya |   .3935578   .0131408    29.95   0.000     .3678024    .4193132
    m_age_ya |  -.0010371    .003356    -0.31   0.757    -.0076148    .0055406
-------------+----------------------------------------------------------------
       /cut1 |  -2.252212   .1343622                     -2.515558   -1.988867
       /cut2 |   .6399238   .1017325                      .4405317    .8393158
       /cut3 |   1.917634    .102923                      1.715909     2.11936
       /cut4 |   2.918429   .1055585                      2.711538     3.12532
       /cut5 |     4.9469   .1154714                       4.72058    5.173219
       /cut6 |   5.099588   .1166052                      4.871046     5.32813
       /cut7 |   7.074405   .1539219                      6.772723    7.376086
       /cut8 |    7.60278   .1780016                      7.253903    7.951657
------------------------------------------------------------------------------

. ologit hgc_ya cfemale1 m_hgc_ya m_age_ya behaveproblemindexpercentilescor lnexpectedyos numberofsiblings dad_di
> stance_ya pbizowner pjobnumberavg female_work_14 mother_work_1978 cultural_influence mincome20_40 teen_mom

Iteration 0:  Log likelihood = -10487.591  
Iteration 1:  Log likelihood =  -10026.73  
Iteration 2:  Log likelihood = -10022.173  
Iteration 3:  Log likelihood = -10022.167  
Iteration 4:  Log likelihood = -10022.167  

Ordered logistic regression                             Number of obs =  6,323
                                                        LR chi2(14)   = 930.85
                                                        Prob > chi2   = 0.0000
Log likelihood = -10022.167                             Pseudo R2     = 0.0444

--------------------------------------------------------------------------------------------------
                          hgc_ya | Coefficient  Std. err.      z    P>|z|     [95% conf. interval]
---------------------------------+----------------------------------------------------------------
                        cfemale1 |   .0343211    .045363     0.76   0.449    -.0545888     .123231
                        m_hgc_ya |   .3308398   .0161409    20.50   0.000     .2992042    .3624755
                        m_age_ya |   -.011524    .004025    -2.86   0.004    -.0194129   -.0036351
behaveproblemindexpercentilescor |  -.0000723   .0001051    -0.69   0.492    -.0002782    .0001337
                   lnexpectedyos |   .5069271   .0799764     6.34   0.000     .3501762     .663678
                numberofsiblings |  -.0345283     .01258    -2.74   0.006    -.0591847   -.0098719
                 dad_distance_ya |  -.0052677   .0008358    -6.30   0.000    -.0069058   -.0036295
                       pbizowner |    .092034   .0730694     1.26   0.208    -.0511794    .2352474
                   pjobnumberavg |  -.0175195   .0058581    -2.99   0.003    -.0290012   -.0060379
                  female_work_14 |  -.0991478   .0589476    -1.68   0.093     -.214683    .0163874
                mother_work_1978 |  -.0985117   .0333463    -2.95   0.003    -.1638693   -.0331541
              cultural_influence |   .6256998   .0719593     8.70   0.000     .4846622    .7667373
                    mincome20_40 |   1.42e-07   1.20e-06     0.12   0.906    -2.21e-06    2.50e-06
                        teen_mom |  -.1513961   .0535689    -2.83   0.005    -.2563893   -.0464029
---------------------------------+----------------------------------------------------------------
                           /cut1 |  -2.464739   .2375775                     -2.930382   -1.999096
                           /cut2 |   .3581567   .2138831                     -.0610465      .77736
                           /cut3 |   1.676751   .2145408                      1.256258    2.097243
                           /cut4 |   2.698894   .2162968                       2.27496    3.122828
                           /cut5 |    4.72416   .2223236                      4.288414    5.159907
                           /cut6 |   4.880608   .2230294                      4.443478    5.317737
                           /cut7 |   6.848889   .2487073                      6.361432    7.336346
                           /cut8 |   7.356764   .2665311                      6.834373    7.879155
--------------------------------------------------------------------------------------------------

. gologit hgc_ya cfemale1 m_hgc_ya m_age_ya behaveproblemindexpercentilescor lnexpectedyos numberofsiblings dad_d
> istance_ya pbizowner pjobnumberavg female_work_14 mother_work_1978 cultural_influence mincome20_40 teen_mom
command gologit is unrecognized
r(199);

. gologit2 hgc_ya cfemale1 m_hgc_ya m_age_ya behaveproblemindexpercentilescor lnexpectedyos numberofsiblings dad_
> distance_ya pbizowner pjobnumberavg female_work_14 mother_work_1978 cultural_influence mincome20_40 teen_mom

Generalized Ordered Logit Estimates                    Number of obs =   6,323
                                                       LR chi2(112)  = 1135.36
                                                       Prob > chi2   =  0.0000
Log likelihood = -9919.9113                            Pseudo R2     =  0.0541

--------------------------------------------------------------------------------------------------
                          hgc_ya | Coefficient  Std. err.      z    P>|z|     [95% conf. interval]
---------------------------------+----------------------------------------------------------------
1                                |
                        cfemale1 |  -.1670284   .2282144    -0.73   0.464    -.6143204    .2802635
                        m_hgc_ya |    .448048    .082755     5.41   0.000     .2858511    .6102449
                        m_age_ya |  -.0573557   .0153875    -3.73   0.000    -.0875148   -.0271967
behaveproblemindexpercentilescor |   .0001641   .0004757     0.34   0.730    -.0007684    .0010965
                   lnexpectedyos |   .8195366   .3196744     2.56   0.010     .1929864    1.446087
                numberofsiblings |  -.0283792   .0598633    -0.47   0.635    -.1457092    .0889507
                 dad_distance_ya |   .0004692   .0044118     0.11   0.915    -.0081777    .0091161
                       pbizowner |   .4026018   .4335307     0.93   0.353    -.4471029    1.252306
                   pjobnumberavg |  -.0286116   .0289795    -0.99   0.323    -.0854103    .0281872
                  female_work_14 |   .0872471   .2941261     0.30   0.767    -.4892294    .6637237
                mother_work_1978 |  -.0562054   .1730152    -0.32   0.745     -.395309    .2828981
              cultural_influence |  -.0749657   .3522424    -0.21   0.831     -.765348    .6154167
                    mincome20_40 |  -1.62e-06   5.87e-06    -0.28   0.783    -.0000131    9.89e-06
                        teen_mom |   .1531352   .2784847     0.55   0.582    -.3926848    .6989552
                           _cons |   2.744986   .9522462     2.88   0.004     .8786179    4.611355
---------------------------------+----------------------------------------------------------------
2                                |
                        cfemale1 |  -.0549581   .0693648    -0.79   0.428    -.1909106    .0809945
                        m_hgc_ya |    .348952    .027152    12.85   0.000     .2957351    .4021689
                        m_age_ya |  -.0037755   .0058158    -0.65   0.516    -.0151743    .0076233
behaveproblemindexpercentilescor |  -.0001586    .000164    -0.97   0.333      -.00048    .0001628
                   lnexpectedyos |   .3888034   .1135487     3.42   0.001     .1662521    .6113547
                numberofsiblings |  -.0319608   .0187606    -1.70   0.088    -.0687309    .0048092
                 dad_distance_ya |  -.0048509   .0012083    -4.01   0.000    -.0072191   -.0024826
                       pbizowner |   .0857756   .1157499     0.74   0.459    -.1410901    .3126413
                   pjobnumberavg |  -.0217161   .0089415    -2.43   0.015    -.0392412   -.0041911
                  female_work_14 |  -.1107567   .0896523    -1.24   0.217    -.2864719    .0649585
                mother_work_1978 |  -.1356364   .0510719    -2.66   0.008    -.2357355   -.0355373
              cultural_influence |   .4306896   .1042378     4.13   0.000     .2263873    .6349919
                    mincome20_40 |   4.45e-07   1.84e-06     0.24   0.809    -3.16e-06    4.05e-06
                        teen_mom |  -.1864807   .0775033    -2.41   0.016    -.3383843    -.034577
                           _cons |  -.1797257   .3210807    -0.56   0.576    -.8090323    .4495809
---------------------------------+----------------------------------------------------------------
3                                |
                        cfemale1 |   .0620799    .053602     1.16   0.247     -.042978    .1671379
                        m_hgc_ya |   .3395344   .0202871    16.74   0.000     .2997723    .3792964
                        m_age_ya |  -.0070684   .0046804    -1.51   0.131    -.0162418    .0021051
behaveproblemindexpercentilescor |  -.0000215   .0001253    -0.17   0.864    -.0002672    .0002242
                   lnexpectedyos |   .5825938   .0933016     6.24   0.000     .3997259    .7654616
                numberofsiblings |  -.0222685    .014943    -1.49   0.136    -.0515562    .0070193
                 dad_distance_ya |  -.0037938   .0009823    -3.86   0.000    -.0057191   -.0018685
                       pbizowner |   .1151804   .0876691     1.31   0.189     -.056648    .2870088
                   pjobnumberavg |  -.0097132   .0069381    -1.40   0.162    -.0233115    .0038852
                  female_work_14 |  -.0782764   .0687609    -1.14   0.255    -.2130452    .0564924
                mother_work_1978 |  -.0896494   .0389088    -2.30   0.021    -.1659093   -.0133895
              cultural_influence |   .6259163   .0833443     7.51   0.000     .4625646    .7892681
                    mincome20_40 |   3.74e-07   1.42e-06     0.26   0.792    -2.40e-06    3.15e-06
                        teen_mom |  -.1132125   .0623253    -1.82   0.069    -.2353679    .0089429
                           _cons |  -2.148174   .2541323    -8.45   0.000    -2.646265   -1.650084
---------------------------------+----------------------------------------------------------------
4                                |
                        cfemale1 |   .0485214   .0546346     0.89   0.374    -.0585604    .1556032
                        m_hgc_ya |   .3161343   .0191873    16.48   0.000     .2785279    .3537408
                        m_age_ya |  -.0126106   .0049678    -2.54   0.011    -.0223474   -.0028738
behaveproblemindexpercentilescor |  -.0000534   .0001261    -0.42   0.672    -.0003006    .0001938
                   lnexpectedyos |    .515439   .1003502     5.14   0.000     .3187562    .7121218
                numberofsiblings |  -.0496643   .0155488    -3.19   0.001    -.0801394   -.0191892
                 dad_distance_ya |  -.0067018   .0010624    -6.31   0.000     -.008784   -.0046195
                       pbizowner |   .0709161   .0871331     0.81   0.416    -.0998616    .2416938
                   pjobnumberavg |  -.0189318    .007059    -2.68   0.007    -.0327671   -.0050964
                  female_work_14 |   -.070687   .0705059    -1.00   0.316     -.208876    .0675019
                mother_work_1978 |  -.0733403   .0397302    -1.85   0.065      -.15121    .0045295
              cultural_influence |    .803969   .0898651     8.95   0.000     .6278366    .9801014
                    mincome20_40 |  -3.24e-07   1.45e-06    -0.22   0.823    -3.17e-06    2.52e-06
                        teen_mom |  -.1582047   .0661057    -2.39   0.017    -.2877695   -.0286399
                           _cons |  -2.727689   .2636586   -10.35   0.000    -3.244451   -2.210928
---------------------------------+----------------------------------------------------------------
5                                |
                        cfemale1 |   .0753171   .0934953     0.81   0.420    -.1079303    .2585644
                        m_hgc_ya |   .3507991   .0288129    12.18   0.000      .294327    .4072713
                        m_age_ya |  -.0380016   .0092928    -4.09   0.000    -.0562153    -.019788
behaveproblemindexpercentilescor |  -.0002065   .0002103    -0.98   0.326    -.0006187    .0002057
                   lnexpectedyos |   .4461761   .1830625     2.44   0.015     .0873801    .8049721
                numberofsiblings |  -.0295727   .0262319    -1.13   0.260    -.0809862    .0218409
                 dad_distance_ya |  -.0086476   .0020292    -4.26   0.000    -.0126248   -.0046705
                       pbizowner |  -.0136989   .1508524    -0.09   0.928     -.309364    .2819663
                   pjobnumberavg |  -.0279842     .01237    -2.26   0.024     -.052229   -.0037394
                  female_work_14 |  -.2775891   .1248835    -2.22   0.026    -.5223563   -.0328218
                mother_work_1978 |  -.1250753   .0696788    -1.80   0.073    -.2616433    .0114926
              cultural_influence |   .4563226   .1630144     2.80   0.005     .1368203    .7758248
                    mincome20_40 |   4.19e-08   2.52e-06     0.02   0.987    -4.89e-06    4.98e-06
                        teen_mom |  -.1612092   .1214916    -1.33   0.185    -.3993283    .0769099
                           _cons |   -3.60913   .4603815    -7.84   0.000    -4.511461   -2.706799
---------------------------------+----------------------------------------------------------------
6                                |
                        cfemale1 |   .0279354   .1015135     0.28   0.783    -.1710275    .2268982
                        m_hgc_ya |   .3764424   .0318631    11.81   0.000     .3139918     .438893
                        m_age_ya |  -.0508089   .0100649    -5.05   0.000    -.0705358    -.031082
behaveproblemindexpercentilescor |  -.0000125   .0002342    -0.05   0.958    -.0004714    .0004465
                   lnexpectedyos |   .2160838   .2107014     1.03   0.305    -.1968834    .6290509
                numberofsiblings |  -.0417611   .0290954    -1.44   0.151    -.0987871    .0152648
                 dad_distance_ya |  -.0103818   .0022035    -4.71   0.000    -.0147006    -.006063
                       pbizowner |  -.0169248   .1657833    -0.10   0.919    -.3418541    .3080044
                   pjobnumberavg |   -.022293    .013417    -1.66   0.097    -.0485899    .0040038
                  female_work_14 |   -.400255   .1333334    -3.00   0.003    -.6615837   -.1389262
                mother_work_1978 |  -.1862954   .0761178    -2.45   0.014    -.3354835   -.0371072
              cultural_influence |   .5397544   .1783339     3.03   0.002     .1902264    .8892824
                    mincome20_40 |   3.21e-07   2.85e-06     0.11   0.910    -5.27e-06    5.92e-06
                        teen_mom |  -.2562885   .1377478    -1.86   0.063    -.5262692    .0136922
                           _cons |  -3.275767   .5098823    -6.42   0.000    -4.275118   -2.276416
---------------------------------+----------------------------------------------------------------
7                                |
                        cfemale1 |  -.3672772   .2473992    -1.48   0.138    -.8521707    .1176163
                        m_hgc_ya |   .2777663   .0734727     3.78   0.000     .1337624    .4217701
                        m_age_ya |  -.0266015   .0259138    -1.03   0.305    -.0773917    .0241886
behaveproblemindexpercentilescor |    .001417   .0006224     2.28   0.023     .0001972    .0026368
                   lnexpectedyos |   .7294294   .4735536     1.54   0.123    -.1987187    1.657578
                numberofsiblings |   -.021991   .0674837    -0.33   0.745    -.1542566    .1102747
                 dad_distance_ya |  -.0056713   .0049654    -1.14   0.253    -.0154033    .0040608
                       pbizowner |  -.5384877   .4639105    -1.16   0.246    -1.447736    .3707603
                   pjobnumberavg |   .0176197   .0290339     0.61   0.544    -.0392856    .0745251
                  female_work_14 |   .0658791   .3441071     0.19   0.848    -.6085584    .7403167
                mother_work_1978 |    -.42592   .1960689    -2.17   0.030    -.8102079    -.041632
              cultural_influence |     .03145   .4299189     0.07   0.942    -.8111755    .8740755
                    mincome20_40 |   9.94e-06   6.32e-06     1.57   0.116    -2.44e-06    .0000223
                        teen_mom |   -.411354   .3364522    -1.22   0.221    -1.070788    .2480801
                           _cons |  -6.928767   1.303803    -5.31   0.000    -9.484173   -4.373361
---------------------------------+----------------------------------------------------------------
8                                |
                        cfemale1 |   .9627684   .6028091     1.60   0.110    -.2187157    2.144252
                        m_hgc_ya |    .245305   .1871834     1.31   0.190    -.1215678    .6121778
                        m_age_ya |  -.2065483     .06503    -3.18   0.001    -.3340048   -.0790918
behaveproblemindexpercentilescor |   -.003172   .0016374    -1.94   0.053    -.0063813    .0000373
                   lnexpectedyos |  -1.006948   .9042006    -1.11   0.265    -2.779149    .7652521
                numberofsiblings |  -.3316932   .1704662    -1.95   0.052    -.6658007    .0024144
                 dad_distance_ya |  -.0546128   .0132831    -4.11   0.000    -.0806473   -.0285784
                       pbizowner |   4.509213   1.053044     4.28   0.000     2.445285    6.573141
                   pjobnumberavg |   .0719302   .0576801     1.25   0.212    -.0411207    .1849811
                  female_work_14 |  -1.151825   .6439028    -1.79   0.074    -2.413851    .1102012
                mother_work_1978 |  -.6823696   .3074484    -2.22   0.026    -1.284957   -.0797817
              cultural_influence |   .8214763   .7872781     1.04   0.297    -.7215604    2.364513
                    mincome20_40 |  -.0000372   .0000187    -1.99   0.047    -.0000739   -5.51e-07
                        teen_mom |  -2.408872   1.045019    -2.31   0.021    -4.457073    -.360672
                           _cons |   5.335238   3.992132     1.34   0.181    -2.489197    13.15967
--------------------------------------------------------------------------------------------------

WARNING! 2734 in-sample cases have an outcome with a predicted probability that is
less than 0. See the gologit2 help section on Warning Messages for more information.

. gologit2 hgc_ya cfemale1 m_hgc_ya f_hgc m_hgc m_age_ya dad_age behaveproblemindexpercentilescor lnexpectedyos numberofsiblings dad_distance_ya pbizowner pjobnumberav
> g female_work_14 mother_work_1978 cultural_influence mincome20_40 teen_mom

Generalized Ordered Logit Estimates                    Number of obs =   4,874
                                                       LR chi2(136)  = 1027.55
                                                       Prob > chi2   =  0.0000
Log likelihood = -7576.4225                            Pseudo R2     =  0.0635

--------------------------------------------------------------------------------------------------
                          hgc_ya | Coefficient  Std. err.      z    P>|z|     [95% conf. interval]
---------------------------------+----------------------------------------------------------------
1                                |
                        cfemale1 |  -.2654618   .2756159    -0.96   0.335     -.805659    .2747354
                        m_hgc_ya |   .4124399    .107146     3.85   0.000     .2024377    .6224422
                           f_hgc |   .0106137   .0897732     0.12   0.906    -.1653385    .1865658
                           m_hgc |   .0238079   .1101268     0.22   0.829    -.1920367    .2396524
                        m_age_ya |  -.0395295   .0197709    -2.00   0.046    -.0782797   -.0007793
                         dad_age |   -.006191   .0193703    -0.32   0.749    -.0441561     .031774
behaveproblemindexpercentilescor |  -.0000936   .0006001    -0.16   0.876    -.0012698    .0010826
                   lnexpectedyos |   .9074116   .3885923     2.34   0.020     .1457847    1.669038
                numberofsiblings |   .0190966   .0745127     0.26   0.798    -.1269456    .1651389
                 dad_distance_ya |   .0060276   .0059891     1.01   0.314    -.0057109     .017766
                       pbizowner |   .5134595   .5379988     0.95   0.340    -.5409987    1.567918
                   pjobnumberavg |   -.032438   .0345847    -0.94   0.348    -.1002228    .0353469
                  female_work_14 |   .1935848   .3400624     0.57   0.569    -.4729252    .8600948
                mother_work_1978 |  -.0614974   .1978324    -0.31   0.756    -.4492418    .3262471
              cultural_influence |  -.2678242   .4872345    -0.55   0.583    -1.222786     .687138
                    mincome20_40 |   2.35e-07   7.06e-06     0.03   0.973    -.0000136    .0000141
                        teen_mom |    .020964   .3688638     0.06   0.955    -.7019958    .7439238
                           _cons |   2.607843   1.286666     2.03   0.043     .0860232    5.129662
---------------------------------+----------------------------------------------------------------
2                                |
                        cfemale1 |   -.030218   .0824219    -0.37   0.714     -.191762     .131326
                        m_hgc_ya |   .3057267   .0328264     9.31   0.000     .2413881    .3700654
                           f_hgc |   .0230803   .0266397     0.87   0.386    -.0291326    .0752932
                           m_hgc |   .0419639   .0329268     1.27   0.203    -.0225715    .1064992
                        m_age_ya |  -.0125145   .0069353    -1.80   0.071    -.0261075    .0010785
                         dad_age |   .0121585   .0062536     1.94   0.052    -.0000983    .0244152
behaveproblemindexpercentilescor |  -.0001087   .0001957    -0.56   0.579    -.0004923    .0002749
                   lnexpectedyos |   .4754669   .1382914     3.44   0.001     .2044208    .7465131
                numberofsiblings |  -.0260556   .0228249    -1.14   0.254    -.0707917    .0186804
                 dad_distance_ya |  -.0041596   .0014753    -2.82   0.005    -.0070511   -.0012681
                       pbizowner |   .0943613   .1365806     0.69   0.490    -.1733317    .3620543
                   pjobnumberavg |  -.0270257   .0106801    -2.53   0.011    -.0479584    -.006093
                  female_work_14 |  -.0530775   .1055469    -0.50   0.615    -.2599456    .1537906
                mother_work_1978 |   -.121331   .0601991    -2.02   0.044    -.2393191    -.003343
              cultural_influence |   .5106232   .1356191     3.77   0.000     .2448147    .7764317
                    mincome20_40 |  -2.25e-06   2.06e-06    -1.09   0.274    -6.28e-06    1.78e-06
                        teen_mom |  -.1510915    .105243    -1.44   0.151    -.3573641     .055181
                           _cons |  -.4753819   .4299897    -1.11   0.269    -1.318146    .3673825
---------------------------------+----------------------------------------------------------------
3                                |
                        cfemale1 |   .0795392   .0617151     1.29   0.197    -.0414202    .2004985
                        m_hgc_ya |   .3119906   .0241106    12.94   0.000     .2647346    .3592465
                           f_hgc |   .0367273   .0191805     1.91   0.056    -.0008658    .0743204
                           m_hgc |   .0283788   .0246305     1.15   0.249    -.0198962    .0766538
                        m_age_ya |  -.0112353   .0054493    -2.06   0.039    -.0219156    -.000555
                         dad_age |   .0149265   .0047623     3.13   0.002     .0055925    .0242604
behaveproblemindexpercentilescor |  -.0000465   .0001443    -0.32   0.747    -.0003293    .0002364
                   lnexpectedyos |   .7232926   .1120154     6.46   0.000     .5037465    .9428388
                numberofsiblings |  -.0133767   .0176837    -0.76   0.449     -.048036    .0212827
                 dad_distance_ya |  -.0044823   .0011575    -3.87   0.000     -.006751   -.0022137
                       pbizowner |   .0261095    .099442     0.26   0.793    -.1687932    .2210123
                   pjobnumberavg |   -.011072   .0079557    -1.39   0.164    -.0266649    .0045209
                  female_work_14 |  -.0857887   .0790994    -1.08   0.278    -.2408208    .0692433
                mother_work_1978 |    -.08236   .0448161    -1.84   0.066    -.1701979     .005478
              cultural_influence |    .599765   .1060369     5.66   0.000     .3919366    .8075934
                    mincome20_40 |   7.69e-08   1.58e-06     0.05   0.961    -3.02e-06    3.17e-06
                        teen_mom |   .0095842   .0823419     0.12   0.907     -.151803    .1709715
                           _cons |  -2.768483   .3348409    -8.27   0.000    -3.424759   -2.112207
---------------------------------+----------------------------------------------------------------
4                                |
                        cfemale1 |   .1028054   .0618308     1.66   0.096    -.0183808    .2239916
                        m_hgc_ya |    .284812   .0225868    12.61   0.000     .2405427    .3290813
                           f_hgc |   .0276399   .0188388     1.47   0.142    -.0092835    .0645634
                           m_hgc |   .0442199   .0246899     1.79   0.073    -.0041714    .0926113
                        m_age_ya |  -.0185716    .005718    -3.25   0.001    -.0297787   -.0073644
                         dad_age |   .0102676   .0048156     2.13   0.033     .0008292     .019706
behaveproblemindexpercentilescor |  -.0001213    .000142    -0.85   0.393    -.0003996     .000157
                   lnexpectedyos |   .5426208   .1191139     4.56   0.000      .309162    .7760797
                numberofsiblings |  -.0388318   .0179869    -2.16   0.031    -.0740855   -.0035781
                 dad_distance_ya |   -.007544   .0012361    -6.10   0.000    -.0099667   -.0051212
                       pbizowner |   .0525972   .0974607     0.54   0.589    -.1384223    .2436167
                   pjobnumberavg |  -.0203309    .007943    -2.56   0.010    -.0358989   -.0047628
                  female_work_14 |  -.1110737   .0802618    -1.38   0.166     -.268384    .0462366
                mother_work_1978 |  -.0650958   .0452785    -1.44   0.151    -.1538399    .0236483
              cultural_influence |   .8240233   .1134275     7.26   0.000     .6017095    1.046337
                    mincome20_40 |  -1.13e-06   1.60e-06    -0.71   0.479    -4.27e-06    2.00e-06
                        teen_mom |  -.0871363    .085461    -1.02   0.308    -.2546367    .0803641
                           _cons |  -2.993187   .3434986    -8.71   0.000    -3.666432   -2.319942
---------------------------------+----------------------------------------------------------------
5                                |
                        cfemale1 |   .0415084     .10344     0.40   0.688    -.1612303    .2442472
                        m_hgc_ya |   .3360684   .0330955    10.15   0.000     .2712024    .4009344
                           f_hgc |   .0381589   .0314273     1.21   0.225    -.0234374    .0997552
                           m_hgc |   .0733458   .0418687     1.75   0.080    -.0087153    .1554069
                        m_age_ya |  -.0516424   .0106535    -4.85   0.000    -.0725229    -.030762
                         dad_age |   .0121596   .0080477     1.51   0.131    -.0036137    .0279328
behaveproblemindexpercentilescor |  -.0002043   .0002324    -0.88   0.379    -.0006599    .0002512
                   lnexpectedyos |   .3717697   .2093372     1.78   0.076    -.0385236    .7820631
                numberofsiblings |  -.0082329   .0294802    -0.28   0.780     -.066013    .0495472
                 dad_distance_ya |  -.0086301    .002334    -3.70   0.000    -.0132046   -.0040556
                       pbizowner |  -.0714893   .1664427    -0.43   0.668    -.3977111    .2547324
                   pjobnumberavg |  -.0334255   .0137545    -2.43   0.015    -.0603838   -.0064672
                  female_work_14 |  -.1816844   .1409831    -1.29   0.198    -.4580062    .0946374
                mother_work_1978 |   -.067172   .0790363    -0.85   0.395    -.2220804    .0877364
              cultural_influence |   .6246398   .2099277     2.98   0.003      .213189    1.036091
                    mincome20_40 |   2.36e-08   2.73e-06     0.01   0.993    -5.32e-06    5.37e-06
                        teen_mom |  -.1845376   .1551411    -1.19   0.234    -.4886086    .1195334
                           _cons |  -4.187129   .5889408    -7.11   0.000    -5.341432   -3.032826
---------------------------------+----------------------------------------------------------------
6                                |
                        cfemale1 |  -.0134007   .1158848    -0.12   0.908    -.2405307    .2137292
                        m_hgc_ya |   .3768223   .0375144    10.04   0.000     .3032954    .4503492
                           f_hgc |   .0673992   .0347602     1.94   0.053    -.0007295    .1355279
                           m_hgc |   .0491821   .0449461     1.09   0.274    -.0389105    .1372748
                        m_age_ya |  -.0739063    .012307    -6.01   0.000    -.0980276   -.0497851
                         dad_age |   .0245716   .0094484     2.60   0.009     .0060531      .04309
behaveproblemindexpercentilescor |   .0000395    .000285     0.14   0.890    -.0005192    .0005981
                   lnexpectedyos |  -.0061215   .2494554    -0.02   0.980    -.4950452    .4828021
                numberofsiblings |  -.0355968   .0346659    -1.03   0.304    -.1035407    .0323472
                 dad_distance_ya |  -.0112311    .002573    -4.36   0.000    -.0162741    -.006188
                       pbizowner |  -.0759997   .1867849    -0.41   0.684    -.4420915    .2900921
                   pjobnumberavg |  -.0205142   .0152629    -1.34   0.179    -.0504289    .0094005
                  female_work_14 |  -.3794961    .154691    -2.45   0.014    -.6826848   -.0763073
                mother_work_1978 |  -.1826252   .0903247    -2.02   0.043    -.3596584    -.005592
              cultural_influence |   .6649806   .2495978     2.66   0.008     .1757779    1.154183
                    mincome20_40 |   1.69e-07   3.12e-06     0.05   0.957    -5.95e-06    6.29e-06
                        teen_mom |  -.2105241   .1769603    -1.19   0.234    -.5573599    .1363118
                           _cons |  -3.797567    .676379    -5.61   0.000    -5.123245   -2.471888
---------------------------------+----------------------------------------------------------------
7                                |
                        cfemale1 |  -.5974779   .2935776    -2.04   0.042    -1.172879   -.0220765
                        m_hgc_ya |   .2300524   .0889223     2.59   0.010     .0557678    .4043369
                           f_hgc |   .2001858   .0936633     2.14   0.033     .0166092    .3837625
                           m_hgc |  -.0695018   .1060414    -0.66   0.512    -.2773391    .1383356
                        m_age_ya |  -.0539919   .0302811    -1.78   0.075    -.1133417    .0053579
                         dad_age |   .0642326   .0210019     3.06   0.002     .0230697    .1053955
behaveproblemindexpercentilescor |   .0016466   .0007549     2.18   0.029     .0001671    .0031261
                   lnexpectedyos |   .4475597   .5371614     0.83   0.405    -.6052572    1.500377
                numberofsiblings |   .0135268    .074235     0.18   0.855    -.1319711    .1590248
                 dad_distance_ya |   -.004348   .0062722    -0.69   0.488    -.0166413    .0079454
                       pbizowner |  -1.190081   .6204615    -1.92   0.055    -2.406163    .0260016
                   pjobnumberavg |   .0419155   .0312415     1.34   0.180    -.0193167    .1031476
                  female_work_14 |   .0162809   .3760997     0.04   0.965     -.720861    .7534228
                mother_work_1978 |  -.5332226   .2269714    -2.35   0.019    -.9780784   -.0883667
              cultural_influence |  -.3094237   .5754631    -0.54   0.591    -1.437311    .8184632
                    mincome20_40 |    .000016   6.78e-06     2.36   0.018     2.73e-06    .0000293
                        teen_mom |  -.2013374   .4059786    -0.50   0.620    -.9970409    .5943661
                           _cons |   -8.24223   1.649584    -5.00   0.000    -11.47536   -5.009105
---------------------------------+----------------------------------------------------------------
8                                |
                        cfemale1 |   2.606802   1.020597     2.55   0.011     .6064699    4.607135
                        m_hgc_ya |   .5837141   .2237056     2.61   0.009     .1452591    1.022169
                           f_hgc |  -1.102428    .245363    -4.49   0.000    -1.583331   -.6215256
                           m_hgc |   .8432608   .2640295     3.19   0.001     .3257724    1.360749
                        m_age_ya |  -.2388703   .0898878    -2.66   0.008    -.4150472   -.0626934
                         dad_age |  -.0562342   .0728785    -0.77   0.440    -.1990734     .086605
behaveproblemindexpercentilescor |   .0058307   .0023333     2.50   0.012     .0012574    .0104039
                   lnexpectedyos |   6.419402   1.539921     4.17   0.000     3.401213    9.437591
                numberofsiblings |  -.4526843   .1448152    -3.13   0.002    -.7365169   -.1688518
                 dad_distance_ya |  -.0745125   .0171921    -4.33   0.000    -.1082085   -.0408165
                       pbizowner |    4.41535   1.421793     3.11   0.002     1.628687    7.202013
                   pjobnumberavg |  -.0868743   .0837525    -1.04   0.300    -.2510263    .0772777
                  female_work_14 |   -1.53805   .7354918    -2.09   0.037    -2.979588    -.096513
                mother_work_1978 |   .8771526   .5722808     1.53   0.125    -.2444971    1.998802
              cultural_influence |   7.201674   1.805318     3.99   0.000     3.663315    10.74003
                    mincome20_40 |  -.0001133   .0000282    -4.01   0.000    -.0001686   -.0000579
                        teen_mom |  -8.561664   1.835107    -4.67   0.000    -12.15841    -4.96492
                           _cons |  -12.73326   5.890897    -2.16   0.031    -24.27921   -1.187318
--------------------------------------------------------------------------------------------------

WARNING! 2861 in-sample cases have an outcome with a predicted probability that is
less than 0. See the gologit2 help section on Warning Messages for more information.

. gologit2 hgc_ya cfemale1 m_hgc_ya f_hgc m_hgc m_age_ya behaveproblemindexpercentilescor lnexpectedyos numberofsiblings dad_distance_ya pbizowner pjobnumberavg female
> _work_14 mother_work_1978 cultural_influence mincome20_40 teen_mom

Generalized Ordered Logit Estimates                    Number of obs =   5,278
                                                       LR chi2(128)  = 1035.24
                                                       Prob > chi2   =  0.0000
Log likelihood = -8240.252                             Pseudo R2     =  0.0591

--------------------------------------------------------------------------------------------------
                          hgc_ya | Coefficient  Std. err.      z    P>|z|     [95% conf. interval]
---------------------------------+----------------------------------------------------------------
1                                |
                        cfemale1 |  -.2111499   .2568839    -0.82   0.411     -.714633    .2923332
                        m_hgc_ya |   .4280109   .0996304     4.30   0.000      .232739    .6232829
                           f_hgc |  -.0126416   .0809755    -0.16   0.876    -.1713505    .1460674
                           m_hgc |  -.0214837   .1012846    -0.21   0.832    -.2199979    .1770304
                        m_age_ya |  -.0587474    .017581    -3.34   0.001    -.0932055   -.0242893
behaveproblemindexpercentilescor |  -.0000809   .0005442    -0.15   0.882    -.0011474    .0009857
                   lnexpectedyos |   .7559474   .3729206     2.03   0.043     .0250364    1.486858
                numberofsiblings |   -.019915   .0685556    -0.29   0.771    -.1542815    .1144514
                 dad_distance_ya |   .0056968   .0056204     1.01   0.311     -.005319    .0167126
                       pbizowner |   .6380539   .5296587     1.20   0.228    -.4000581    1.676166
                   pjobnumberavg |  -.0109875   .0333598    -0.33   0.742    -.0763714    .0543965
                  female_work_14 |  -.0433223   .3220862    -0.13   0.893    -.6745996    .5879549
                mother_work_1978 |  -.1219582   .1894978    -0.64   0.520    -.4933672    .2494507
              cultural_influence |   .0718191    .440345     0.16   0.870    -.7912412    .9348795
                    mincome20_40 |   7.02e-08   6.77e-06     0.01   0.992    -.0000132    .0000133
                        teen_mom |   .0800907   .3213774     0.25   0.803    -.5497973    .7099788
                           _cons |   3.171386   1.078977     2.94   0.003     1.056629    5.286143
---------------------------------+----------------------------------------------------------------
2                                |
                        cfemale1 |  -.0487743   .0781427    -0.62   0.533    -.2019311    .1043825
                        m_hgc_ya |    .296871   .0308943     9.61   0.000     .2363192    .3574227
                           f_hgc |   .0064862   .0249054     0.26   0.795    -.0423275    .0552998
                           m_hgc |   .0337573   .0308818     1.09   0.274    -.0267699    .0942844
                        m_age_ya |  -.0105792   .0065366    -1.62   0.106    -.0233908    .0022323
behaveproblemindexpercentilescor |  -.0001034   .0001846    -0.56   0.575    -.0004653    .0002585
                   lnexpectedyos |   .4772311   .1301398     3.67   0.000     .2221617    .7323004
                numberofsiblings |  -.0250562   .0216125    -1.16   0.246    -.0674159    .0173035
                 dad_distance_ya |  -.0045785   .0013937    -3.29   0.001      -.00731   -.0018469
                       pbizowner |   .1176499   .1306841     0.90   0.368    -.1384862     .373786
                   pjobnumberavg |  -.0213004   .0100699    -2.12   0.034    -.0410372   -.0015637
                  female_work_14 |  -.0847314    .100057    -0.85   0.397    -.2808395    .1113766
                mother_work_1978 |  -.1158625   .0567419    -2.04   0.041    -.2270747   -.0046504
              cultural_influence |   .5088554   .1280693     3.97   0.000     .2578441    .7598667
                    mincome20_40 |  -2.21e-06   2.00e-06    -1.11   0.268    -6.13e-06    1.70e-06
                        teen_mom |  -.2301056   .0887756    -2.59   0.010    -.4041025   -.0561086
                           _cons |  -.0469804   .3621776    -0.13   0.897    -.7568354    .6628747
---------------------------------+----------------------------------------------------------------
3                                |
                        cfemale1 |   .0599548   .0589448     1.02   0.309    -.0555749    .1754846
                        m_hgc_ya |   .3112189   .0229206    13.58   0.000     .2662953    .3561425
                           f_hgc |   .0310446   .0182534     1.70   0.089    -.0047315    .0668207
                           m_hgc |   .0072761   .0232803     0.31   0.755    -.0383525    .0529047
                        m_age_ya |  -.0087904   .0051905    -1.69   0.090    -.0189636    .0013828
behaveproblemindexpercentilescor |   1.90e-06   .0001379     0.01   0.989    -.0002685    .0002723
                   lnexpectedyos |   .7077847   .1058723     6.69   0.000     .5002787    .9152906
                numberofsiblings |   -.007327   .0168406    -0.44   0.664    -.0403341      .02568
                 dad_distance_ya |  -.0040386   .0011055    -3.65   0.000    -.0062053    -.001872
                       pbizowner |    .074723   .0954496     0.78   0.434    -.1123547    .2618007
                   pjobnumberavg |  -.0096022   .0075804    -1.27   0.205    -.0244595     .005255
                  female_work_14 |  -.1036947   .0754718    -1.37   0.169    -.2516167    .0442274
                mother_work_1978 |  -.0670029   .0426178    -1.57   0.116    -.1505322    .0165264
              cultural_influence |   .6043324   .1003779     6.02   0.000     .4075953    .8010694
                    mincome20_40 |  -9.65e-08   1.53e-06    -0.06   0.950    -3.10e-06    2.90e-06
                        teen_mom |  -.1101455   .0697418    -1.58   0.114     -.246837     .026546
                           _cons |  -2.316767   .2831467    -8.18   0.000    -2.871724    -1.76181
---------------------------------+----------------------------------------------------------------
4                                |
                        cfemale1 |   .0748222   .0595038     1.26   0.209    -.0418031    .1914475
                        m_hgc_ya |     .28776   .0216786    13.27   0.000     .2452708    .3302492
                           f_hgc |   .0265159   .0181377     1.46   0.144    -.0090334    .0620652
                           m_hgc |   .0289295   .0235427     1.23   0.219    -.0172134    .0750724
                        m_age_ya |  -.0167291    .005489    -3.05   0.002    -.0274873    -.005971
behaveproblemindexpercentilescor |  -.0000985   .0001374    -0.72   0.473    -.0003678    .0001707
                   lnexpectedyos |   .5448287   .1136678     4.79   0.000     .3220439    .7676135
                numberofsiblings |  -.0358385   .0172368    -2.08   0.038     -.069622   -.0020549
                 dad_distance_ya |  -.0077132   .0011921    -6.47   0.000    -.0100496   -.0053768
                       pbizowner |   .0726727   .0940525     0.77   0.440    -.1116668    .2570123
                   pjobnumberavg |  -.0186594   .0076495    -2.44   0.015    -.0336521   -.0036668
                  female_work_14 |  -.1105468    .076919    -1.44   0.151    -.2613053    .0402117
                mother_work_1978 |  -.0588307   .0433774    -1.36   0.175    -.1438489    .0261874
              cultural_influence |   .7901557   .1078251     7.33   0.000     .5788223    1.001489
                    mincome20_40 |  -8.80e-07   1.56e-06    -0.57   0.572    -3.93e-06    2.17e-06
                        teen_mom |  -.1586921   .0730936    -2.17   0.030    -.3019529   -.0154313
                           _cons |  -2.705098   .2933597    -9.22   0.000    -3.280073   -2.130124
---------------------------------+----------------------------------------------------------------
5                                |
                        cfemale1 |   .0649436   .1002813     0.65   0.517    -.1316042    .2614913
                        m_hgc_ya |   .3315333    .032069    10.34   0.000     .2686791    .3943874
                           f_hgc |   .0445869   .0304451     1.46   0.143    -.0150844    .1042582
                           m_hgc |   .0542585   .0402593     1.35   0.178    -.0246482    .1331652
                        m_age_ya |  -.0472311   .0102752    -4.60   0.000    -.0673701    -.027092
behaveproblemindexpercentilescor |  -.0001203   .0002274    -0.53   0.597    -.0005661    .0003254
                   lnexpectedyos |   .4137319   .2034506     2.03   0.042     .0149762    .8124877
                numberofsiblings |  -.0085635   .0281738    -0.30   0.761    -.0637831    .0466561
                 dad_distance_ya |  -.0090726   .0022781    -3.98   0.000    -.0135377   -.0046076
                       pbizowner |  -.0991057   .1635712    -0.61   0.545    -.4196994     .221488
                   pjobnumberavg |  -.0320747   .0133818    -2.40   0.017    -.0583025   -.0058469
                  female_work_14 |  -.1845783   .1343263    -1.37   0.169     -.447853    .0786964
                mother_work_1978 |  -.0515346   .0756061    -0.68   0.495    -.1997198    .0966507
              cultural_influence |   .4892777   .1985865     2.46   0.014     .1000554       .8785
                    mincome20_40 |   8.64e-07   2.64e-06     0.33   0.744    -4.32e-06    6.05e-06
                        teen_mom |  -.2817783   .1367605    -2.06   0.039    -.5498239   -.0137327
                           _cons |  -3.911976   .5107765    -7.66   0.000    -4.913079   -2.910872
---------------------------------+----------------------------------------------------------------
6                                |
                        cfemale1 |    .005128   .1111585     0.05   0.963    -.2127387    .2229946
                        m_hgc_ya |   .3539989   .0350702    10.09   0.000     .2852626    .4227353
                           f_hgc |   .0764831   .0329515     2.32   0.020     .0118994    .1410669
                           m_hgc |   .0370753   .0424045     0.87   0.382    -.0460359    .1201866
                        m_age_ya |  -.0659205   .0116662    -5.65   0.000    -.0887858   -.0430551
behaveproblemindexpercentilescor |   .0000599   .0002688     0.22   0.824     -.000467    .0005867
                   lnexpectedyos |   .1579554    .238927     0.66   0.509    -.3103329    .6262437
                numberofsiblings |  -.0147748   .0313521    -0.47   0.637    -.0762239    .0466742
                 dad_distance_ya |  -.0118403   .0025198    -4.70   0.000     -.016779   -.0069017
                       pbizowner |  -.0561713   .1807975    -0.31   0.756     -.410528    .2981853
                   pjobnumberavg |  -.0231481    .014503    -1.60   0.110    -.0515736    .0052773
                  female_work_14 |  -.3609333   .1459966    -2.47   0.013    -.6470814   -.0747852
                mother_work_1978 |  -.1418054   .0845416    -1.68   0.093     -.307504    .0238931
              cultural_influence |   .4023302   .2293966     1.75   0.079    -.0472789    .8519393
                    mincome20_40 |   1.39e-06   3.09e-06     0.45   0.653    -4.66e-06    7.44e-06
                        teen_mom |  -.3971782   .1571715    -2.53   0.012    -.7052288   -.0891276
                           _cons |  -3.238883   .5913199    -5.48   0.000    -4.397849   -2.079918
---------------------------------+----------------------------------------------------------------
7                                |
                        cfemale1 |   -.603284   .2860466    -2.11   0.035    -1.163925   -.0426429
                        m_hgc_ya |   .2474907   .0852425     2.90   0.004     .0804185    .4145628
                           f_hgc |   .2339012   .0941576     2.48   0.013     .0493557    .4184466
                           m_hgc |   -.102475   .1084349    -0.95   0.345    -.3150035    .1100534
                        m_age_ya |  -.0486304   .0285289    -1.70   0.088     -.104546    .0072853
behaveproblemindexpercentilescor |   .0012835   .0007067     1.82   0.069    -.0001017    .0026687
                   lnexpectedyos |   .3377938   .5142852     0.66   0.511    -.6701867    1.345774
                numberofsiblings |   .0362048   .0718091     0.50   0.614    -.1045384     .176948
                 dad_distance_ya |  -.0032899   .0061859    -0.53   0.595    -.0154141    .0088342
                       pbizowner |  -1.224412   .6313046    -1.94   0.052    -2.461746    .0129222
                   pjobnumberavg |   .0373572   .0316133     1.18   0.237    -.0246036    .0993181
                  female_work_14 |   .0512799   .3863503     0.13   0.894    -.7059528    .8085126
                mother_work_1978 |  -.4370489   .2214891    -1.97   0.048    -.8711596   -.0029383
              cultural_influence |  -.3844782   .5284742    -0.73   0.467    -1.420269    .6513122
                    mincome20_40 |   .0000141   6.68e-06     2.12   0.034     1.05e-06    .0000272
                        teen_mom |  -.6562654   .3960997    -1.66   0.098    -1.432606    .1200757
                           _cons |  -6.154776   1.393059    -4.42   0.000    -8.885122   -3.424429
---------------------------------+----------------------------------------------------------------
8                                |
                        cfemale1 |   3.262127   1.012593     3.22   0.001     1.277481    5.246774
                        m_hgc_ya |   .4943644   .2234158     2.21   0.027     .0564775    .9322513
                           f_hgc |  -1.025179   .2271446    -4.51   0.000    -1.470374   -.5799834
                           m_hgc |   .6611962   .2590384     2.55   0.011     .1534904    1.168902
                        m_age_ya |  -.2499153    .081303    -3.07   0.002    -.4092663   -.0905642
behaveproblemindexpercentilescor |   .0059703   .0023137     2.58   0.010     .0014356     .010505
                   lnexpectedyos |    6.12877   1.481898     4.14   0.000     3.224304    9.033236
                numberofsiblings |  -.3564462   .1374744    -2.59   0.010    -.6258911   -.0870012
                 dad_distance_ya |  -.0750864   .0170337    -4.41   0.000    -.1084719   -.0417009
                       pbizowner |   4.735652   1.395871     3.39   0.001     1.999796    7.471508
                   pjobnumberavg |  -.0813217   .0798555    -1.02   0.309    -.2378357    .0751922
                  female_work_14 |  -1.044976   .6235193    -1.68   0.094    -2.267052     .177099
                mother_work_1978 |   1.075049   .5381904     2.00   0.046     .0202156    2.129883
              cultural_influence |   6.523866   1.422331     4.59   0.000     3.736149    9.311583
                    mincome20_40 |  -.0001208    .000031    -3.90   0.000    -.0001816   -.0000601
                        teen_mom |  -8.354168   1.654856    -5.05   0.000    -11.59763    -5.11071
                           _cons |  -13.28664   5.380021    -2.47   0.014    -23.83129   -2.741992
--------------------------------------------------------------------------------------------------

WARNING! 3047 in-sample cases have an outcome with a predicted probability that is
less than 0. See the gologit2 help section on Warning Messages for more information.

. reg hgc m_hgc f_hgc phispanic pblack psex mother_work_1978 father_work_1978 cultural_influence teen_mom

      Source |       SS           df       MS      Number of obs   =     7,886
-------------+----------------------------------   F(9, 7876)      =    254.54
       Model |   4393.2357         9    488.1373   Prob > F        =    0.0000
    Residual |  15103.7936     7,876  1.91769853   R-squared       =    0.2253
-------------+----------------------------------   Adj R-squared   =    0.2244
       Total |  19497.0293     7,885  2.47267334   Root MSE        =    1.3848

------------------------------------------------------------------------------------
               hgc | Coefficient  Std. err.      t    P>|t|     [95% conf. interval]
-------------------+----------------------------------------------------------------
             m_hgc |   .2030036   .0123346    16.46   0.000     .1788244    .2271828
             f_hgc |    .125233   .0096206    13.02   0.000     .1063741     .144092
         phispanic |   .0927281   .0445636     2.08   0.037     .0053716    .1800845
            pblack |   .1559378   .0406942     3.83   0.000     .0761665    .2357092
              psex |   1.008168    .620028     1.63   0.104    -.2072515    2.223587
  mother_work_1978 |  -.0528406    .018151    -2.91   0.004    -.0884214   -.0172599
  father_work_1978 |  -.0736326   .0249864    -2.95   0.003    -.1226126   -.0246526
cultural_influence |   .7540066   .0550517    13.70   0.000     .6460907    .8619226
          teen_mom |  -.2302014   .0376919    -6.11   0.000    -.3040874   -.1563153
             _cons |   1.948883   1.240716     1.57   0.116    -.4832499    4.381015
------------------------------------------------------------------------------------

. reg hgc m_hgc f_hgc phispanic pblack psex urban_at_14 rural_at_14 farm_at_14 age_stopped_living_w_parent i.resi
> de_parent_type mother_work_1978 father_work_1978 cultural_influence teen_mom foreign_lang_child sibling sibling
> _school
note: psex omitted because of collinearity.

      Source |       SS           df       MS      Number of obs   =     6,643
-------------+----------------------------------   F(18, 6624)     =    129.41
       Model |  4292.81744        18  238.489858   Prob > F        =    0.0000
    Residual |  12207.2476     6,624  1.84288158   R-squared       =    0.2602
-------------+----------------------------------   Adj R-squared   =    0.2582
       Total |   16500.065     6,642   2.4842013   Root MSE        =    1.3575

---------------------------------------------------------------------------------------------
                        hgc | Coefficient  Std. err.      t    P>|t|     [95% conf. interval]
----------------------------+----------------------------------------------------------------
                      m_hgc |   .1796931   .0138236    13.00   0.000     .1525945    .2067917
                      f_hgc |   .1291682   .0104293    12.39   0.000     .1087235     .149613
                  phispanic |   .0543016   .0531132     1.02   0.307    -.0498173    .1584206
                     pblack |   .1886521    .045753     4.12   0.000     .0989615    .2783427
                       psex |          0  (omitted)
                urban_at_14 |   .3746585   .3213301     1.17   0.244     -.255252    1.004569
                rural_at_14 |   .4640434   .3233112     1.44   0.151    -.1697508    1.097838
                 farm_at_14 |   .5515637   .3287783     1.68   0.093    -.0929477    1.196075
age_stopped_living_w_parent |  -.0331105   .0059377    -5.58   0.000    -.0447504   -.0214706
                            |
         reside_parent_type |
                         1  |   .6583464   .0579508    11.36   0.000     .5447442    .7719486
                         2  |   .1045451   .0692624     1.51   0.131    -.0312316    .2403218
                         3  |    .663637   .2353516     2.82   0.005     .2022721    1.125002
                            |
           mother_work_1978 |  -.0657054   .0196741    -3.34   0.001    -.1042729   -.0271379
           father_work_1978 |  -.0344284   .0270609    -1.27   0.203    -.0874764    .0186196
         cultural_influence |    .662114   .0601207    11.01   0.000      .544258      .77997
                   teen_mom |  -.3742718   .0425155    -8.80   0.000     -.457616   -.2909277
         foreign_lang_child |   .1016668   .0491998     2.07   0.039     .0052193    .1981143
                    sibling |  -.0729713   .0086846    -8.40   0.000    -.0899959   -.0559467
             sibling_school |   .1259655   .0127251     9.90   0.000     .1010203    .1509108
                      _cons |   3.833674   .3426802    11.19   0.000      3.16191    4.505438
---------------------------------------------------------------------------------------------

. reg hgc m_hgc f_hgc phispanic pblack psex urban_at_14 rural_at_14 farm_at_14 age_stopped_living_w_parent i.resi
> de_parent_type mother_work_1978 father_work_1978 cultural_influence teen_mom foreign_lang_child sibling sibling
> _school afqt
note: psex omitted because of collinearity.

      Source |       SS           df       MS      Number of obs   =     6,392
-------------+----------------------------------   F(19, 6372)     =    190.95
       Model |  5683.05938        19  299.108388   Prob > F        =    0.0000
    Residual |  9981.17341     6,372   1.5664114   R-squared       =    0.3628
-------------+----------------------------------   Adj R-squared   =    0.3609
       Total |  15664.2328     6,391  2.45098307   Root MSE        =    1.2516

---------------------------------------------------------------------------------------------
                        hgc | Coefficient  Std. err.      t    P>|t|     [95% conf. interval]
----------------------------+----------------------------------------------------------------
                      m_hgc |     .11015   .0132449     8.32   0.000     .0841856    .1361143
                      f_hgc |   .0646441   .0100156     6.45   0.000     .0450101     .084278
                  phispanic |   .2540308   .0504051     5.04   0.000       .15522    .3528417
                     pblack |   .4806827   .0439524    10.94   0.000     .3945212    .5668442
                       psex |          0  (omitted)
                urban_at_14 |   .1234007   .2963995     0.42   0.677    -.4576419    .7044434
                rural_at_14 |   .1834894    .298318     0.62   0.539    -.4013144    .7682931
                 farm_at_14 |    .139691   .3034559     0.46   0.645    -.4551846    .7345665
age_stopped_living_w_parent |  -.0338962   .0055765    -6.08   0.000    -.0448281   -.0229643
                            |
         reside_parent_type |
                         1  |   .5574114   .0545246    10.22   0.000     .4505248     .664298
                         2  |   .1031986   .0653318     1.58   0.114    -.0248736    .2312709
                         3  |   .5235668   .2268077     2.31   0.021     .0789473    .9681862
                            |
           mother_work_1978 |  -.0565562    .018488    -3.06   0.002     -.092799   -.0203135
           father_work_1978 |  -.0064299    .025554    -0.25   0.801    -.0565244    .0436646
         cultural_influence |   .2980486   .0578315     5.15   0.000     .1846794    .4114177
                   teen_mom |  -.2441726   .0401598    -6.08   0.000    -.3228994   -.1654458
         foreign_lang_child |   .0777672   .0466486     1.67   0.096    -.0136798    .1692142
                    sibling |  -.0479744    .008187    -5.86   0.000    -.0640237   -.0319251
             sibling_school |   .1022279   .0119981     8.52   0.000     .0787077    .1257482
                       afqt |   .0231752   .0007179    32.28   0.000     .0217679    .0245825
                      _cons |   3.814417   .3168015    12.04   0.000      3.19338    4.435455
---------------------------------------------------------------------------------------------

. reg afqt m_hgc f_hgc phispanic pblack psex urban_at_14 rural_at_14 farm_at_14 age_stopped_living_w_parent i.res
> ide_parent_type mother_work_1978 father_work_1978 cultural_influence teen_mom foreign_lang_child sibling siblin
> g_school
note: psex omitted because of collinearity.

      Source |       SS           df       MS      Number of obs   =     6,395
-------------+----------------------------------   F(18, 6376)     =    234.13
       Model |  2011343.66        18  111741.315   Prob > F        =    0.0000
    Residual |  3042971.53     6,376  477.254004   R-squared       =    0.3979
-------------+----------------------------------   Adj R-squared   =    0.3962
       Total |   5054315.2     6,394  790.477822   Root MSE        =    21.846

---------------------------------------------------------------------------------------------
                       afqt | Coefficient  Std. err.      t    P>|t|     [95% conf. interval]
----------------------------+----------------------------------------------------------------
                      m_hgc |   2.940159   .2281682    12.89   0.000     2.492873    3.387446
                      f_hgc |    2.83189   .1711756    16.54   0.000     2.496329    3.167452
                  phispanic |  -8.084198   .8736706    -9.25   0.000    -9.796886    -6.37151
                     pblack |   -13.4425   .7483108   -17.96   0.000    -14.90945   -11.97556
                       psex |          0  (omitted)
                urban_at_14 |   11.19672   5.171761     2.16   0.030     1.058326     21.3351
                rural_at_14 |   12.58164   5.204766     2.42   0.016     2.378551    22.78473
                 farm_at_14 |   17.17305   5.292471     3.24   0.001     6.798023    27.54807
age_stopped_living_w_parent |    .092718   .0973321     0.95   0.341    -.0980857    .2835216
                            |
         reside_parent_type |
                         1  |   4.162232   .9502945     4.38   0.000     2.299335    6.025129
                         2  |   .6622421   1.140339     0.58   0.561    -1.573206     2.89769
                         3  |   13.33649   3.955402     3.37   0.001     5.582572    21.09041
                            |
           mother_work_1978 |  -.3528164   .3225933    -1.09   0.274    -.9852077    .2795749
           father_work_1978 |  -.4180714   .4459864    -0.94   0.349    -1.292355    .4562118
         cultural_influence |   15.07996    .990901    15.22   0.000     13.13746    17.02246
                   teen_mom |   -5.70276   .6973095    -8.18   0.000    -7.069721   -4.335799
         foreign_lang_child |   1.261054   .8136165     1.55   0.121    -.3339082    2.856015
                    sibling |  -1.035547   .1423109    -7.28   0.000    -1.314524   -.7565697
             sibling_school |   .9793078   .2090502     4.68   0.000     .5694992    1.389117
                      _cons |  -.0064507   5.529516    -0.00   0.999    -10.84616    10.83326
---------------------------------------------------------------------------------------------

. ssc install estout
checking estout consistency and verifying not already installed...
installing into /Users/dcy/Library/Application Support/Stata/ado/plus/...
installation complete.

. ssc install outreg2
checking outreg2 consistency and verifying not already installed...
installing into /Users/dcy/Library/Application Support/Stata/ado/plus/...
installation complete.

. reg hgc m_hgc f_hgc phispanic pblack psex urban_at_14 rural_at_14 farm_at_14 age_stopped_living_w_parent i.resi
> de_parent_type mother_work_1978 father_work_1978 cultural_influence teen_mom foreign_lang_child sibling sibling
> _school
note: psex omitted because of collinearity.

      Source |       SS           df       MS      Number of obs   =     6,643
-------------+----------------------------------   F(18, 6624)     =    129.41
       Model |  4292.81744        18  238.489858   Prob > F        =    0.0000
    Residual |  12207.2476     6,624  1.84288158   R-squared       =    0.2602
-------------+----------------------------------   Adj R-squared   =    0.2582
       Total |   16500.065     6,642   2.4842013   Root MSE        =    1.3575

---------------------------------------------------------------------------------------------
                        hgc | Coefficient  Std. err.      t    P>|t|     [95% conf. interval]
----------------------------+----------------------------------------------------------------
                      m_hgc |   .1796931   .0138236    13.00   0.000     .1525945    .2067917
                      f_hgc |   .1291682   .0104293    12.39   0.000     .1087235     .149613
                  phispanic |   .0543016   .0531132     1.02   0.307    -.0498173    .1584206
                     pblack |   .1886521    .045753     4.12   0.000     .0989615    .2783427
                       psex |          0  (omitted)
                urban_at_14 |   .3746585   .3213301     1.17   0.244     -.255252    1.004569
                rural_at_14 |   .4640434   .3233112     1.44   0.151    -.1697508    1.097838
                 farm_at_14 |   .5515637   .3287783     1.68   0.093    -.0929477    1.196075
age_stopped_living_w_parent |  -.0331105   .0059377    -5.58   0.000    -.0447504   -.0214706
                            |
         reside_parent_type |
                         1  |   .6583464   .0579508    11.36   0.000     .5447442    .7719486
                         2  |   .1045451   .0692624     1.51   0.131    -.0312316    .2403218
                         3  |    .663637   .2353516     2.82   0.005     .2022721    1.125002
                            |
           mother_work_1978 |  -.0657054   .0196741    -3.34   0.001    -.1042729   -.0271379
           father_work_1978 |  -.0344284   .0270609    -1.27   0.203    -.0874764    .0186196
         cultural_influence |    .662114   .0601207    11.01   0.000      .544258      .77997
                   teen_mom |  -.3742718   .0425155    -8.80   0.000     -.457616   -.2909277
         foreign_lang_child |   .1016668   .0491998     2.07   0.039     .0052193    .1981143
                    sibling |  -.0729713   .0086846    -8.40   0.000    -.0899959   -.0559467
             sibling_school |   .1259655   .0127251     9.90   0.000     .1010203    .1509108
                      _cons |   3.833674   .3426802    11.19   0.000      3.16191    4.505438
---------------------------------------------------------------------------------------------

. esttab using regression_results.tex, replace ///
option / not allowed
r(198);

.     title("Regression Results") ///
command title is unrecognized
r(199);

.     label se star(* 0.05 ** 0.01 *** 0.001) ///
invalid syntax
r(198);

.     compress
  (0 bytes saved)

. esttab using regression_results.tex, replace
(file regression_results.tex not found)
(output written to regression_results.tex)

.     title("Regression Results")
command title is unrecognized
r(199);

.     label se star(* 0.05 ** 0.01 *** 0.001)
invalid syntax
r(198);

.     compress
  (0 bytes saved)

. reg hgc m_hgc f_hgc phispanic pblack psex urban_at_14 rural_at_14 farm_at_14 age_stopped_living_w_parent i.resi
> de_parent_type mother_work_1978 father_work_1978 cultural_influence teen_mom foreign_lang_child sibling sibling
> _school
note: psex omitted because of collinearity.

      Source |       SS           df       MS      Number of obs   =     6,643
-------------+----------------------------------   F(18, 6624)     =    129.41
       Model |  4292.81744        18  238.489858   Prob > F        =    0.0000
    Residual |  12207.2476     6,624  1.84288158   R-squared       =    0.2602
-------------+----------------------------------   Adj R-squared   =    0.2582
       Total |   16500.065     6,642   2.4842013   Root MSE        =    1.3575

---------------------------------------------------------------------------------------------
                        hgc | Coefficient  Std. err.      t    P>|t|     [95% conf. interval]
----------------------------+----------------------------------------------------------------
                      m_hgc |   .1796931   .0138236    13.00   0.000     .1525945    .2067917
                      f_hgc |   .1291682   .0104293    12.39   0.000     .1087235     .149613
                  phispanic |   .0543016   .0531132     1.02   0.307    -.0498173    .1584206
                     pblack |   .1886521    .045753     4.12   0.000     .0989615    .2783427
                       psex |          0  (omitted)
                urban_at_14 |   .3746585   .3213301     1.17   0.244     -.255252    1.004569
                rural_at_14 |   .4640434   .3233112     1.44   0.151    -.1697508    1.097838
                 farm_at_14 |   .5515637   .3287783     1.68   0.093    -.0929477    1.196075
age_stopped_living_w_parent |  -.0331105   .0059377    -5.58   0.000    -.0447504   -.0214706
                            |
         reside_parent_type |
                         1  |   .6583464   .0579508    11.36   0.000     .5447442    .7719486
                         2  |   .1045451   .0692624     1.51   0.131    -.0312316    .2403218
                         3  |    .663637   .2353516     2.82   0.005     .2022721    1.125002
                            |
           mother_work_1978 |  -.0657054   .0196741    -3.34   0.001    -.1042729   -.0271379
           father_work_1978 |  -.0344284   .0270609    -1.27   0.203    -.0874764    .0186196
         cultural_influence |    .662114   .0601207    11.01   0.000      .544258      .77997
                   teen_mom |  -.3742718   .0425155    -8.80   0.000     -.457616   -.2909277
         foreign_lang_child |   .1016668   .0491998     2.07   0.039     .0052193    .1981143
                    sibling |  -.0729713   .0086846    -8.40   0.000    -.0899959   -.0559467
             sibling_school |   .1259655   .0127251     9.90   0.000     .1010203    .1509108
                      _cons |   3.833674   .3426802    11.19   0.000      3.16191    4.505438
---------------------------------------------------------------------------------------------

. predict residuals, residual
(12,647 missing values generated)

. collapse (sd) residuals, by(HGC)
variable HGC not found
(error in option by())
r(111);

. collapse (sd) residuals, by HGC
option by incorrectly specified
r(198);

. collapse (sd) residuals, by(hgc)

. graph bar residuals, over(hgc) ytitle("Standard Deviation of Residuals")

. 
. graph sactter residuals, over(hgc) ytitle("Standard Deviation of Residuals")
sacttergraph_g.new residuals, over(hgc) ytitle("Standard Deviation of Residuals"): class member function not
    found
r(4023);

. graph bar residuals, over(hgc) ///
option / not allowed
r(198);

.     blabel(bar, size(medium) format(%9.2f) color(black)) /// 
command blabel is unrecognized
r(199);

.     barwidth(0.5) ///
command barwidth is unrecognized
r(199);

.     ytitle("Standard Deviation of Residuals", size(medium)) ///
command ytitle is unrecognized
r(199);

.     title("Standard Deviation of Residuals by Education Level", size(large)) ///
command title is unrecognized
r(199);

.     ylabel(, angle(0)) ///
command ylabel is unrecognized
r(199);

.     yline(0, lwidth(medium) lcolor(gray)) ///
command yline is unrecognized
r(199);

.     legend(off) ///
command legend is unrecognized
r(199);

.     graphregion(color(white))
command graphregion is unrecognized
r(199);

. graph bar residuals, over(hgc) ytitle("Standard Deviation of Residuals")

. do "/var/folders/mq/_l2nmp6s2lv4lstvhswgymv00000gn/T//SD16254.000000"

. graph bar residuals, over(hgc) ///
>     ytitle("Standard Deviation of Residuals", size(medium)) ///
>     xtitle("HGC Category", size(medium)) ///
>     bar(1, color(green)) ///
>     blabel(bar, size(medium) format(%9.2f) color(black)) ///
>     barwidth(0.5) ///
>     title("Standard Deviation of Residuals by HGC Category", size(large)) ///
>     yline(0, lwidth(medium) lcolor(gray)) ///
>     legend(off) ///
>     graphregion(color(white))
xtitle(HGC not found
r(111);

end of do-file

r(111);

. do "/var/folders/mq/_l2nmp6s2lv4lstvhswgymv00000gn/T//SD16254.000000"

. graph bar residuals, over(hgc) ///
>     ytitle("Standard Deviation of Residuals", size(medium)) ///
>     xtitle("HGC Category", size(medium)) ///
>     bar(1, color(green)) ///
>     blabel(bar, size(medium) format(%9.2f) color(black)) ///
>     barwidth(0.5) ///
>     title("Standard Deviation of Residuals by HGC Category", size(large)) ///
>     yline(0, lwidth(medium) lcolor(gray)) ///
>     legend(off) ///
>     graphregion(color(white))
xtitle(HGC not found
r(111);

end of do-file

r(111);

. do "/var/folders/mq/_l2nmp6s2lv4lstvhswgymv00000gn/T//SD16254.000000"

. graph bar residuals, over(hgc) ///
>     ytitle("Standard Deviation of Residuals", size(medium)) ///
>     xlabel("HGC Category", size(medium)) ///
>     bar(1, color(green)) ///
>     blabel(bar, size(medium) format(%9.2f) color(black)) ///
>     barwidth(0.5) ///
>     title("Standard Deviation of Residuals by HGC Category", size(large)) ///
>     yline(0, lwidth(medium) lcolor(gray)) ///
>     legend(off) ///
>     graphregion(color(white))
xlabels(HGC not found
r(111);

end of do-file

r(111);

. do "/var/folders/mq/_l2nmp6s2lv4lstvhswgymv00000gn/T//SD16254.000000"

. graph bar residuals, over(hgc) ///
>     ytitle("Standard Deviation of Residuals", size(medium)) ///
>     xlabel("HGC Category", size(medium)) ///
>     bar(1, color(green)) ///
>     blabel(bar, size(medium) format(%9.2f) color(black)) ///
>     barwidth(0.5) ///
>     title("Standard Deviation of Residuals by HGC Category", size(large)) ///
>     yline(0, lwidth(medium) lcolor(gray)) ///
>     legend(off) ///
>     graphregion(color(white))
xlabels(HGC not found
r(111);

end of do-file

r(111);

. do "/var/folders/mq/_l2nmp6s2lv4lstvhswgymv00000gn/T//SD16254.000000"

. graph bar residuals, over(hgc, label(angle(0))) ///
>     ytitle("Standard Deviation of Residuals", size(medium)) ///
>     bar(1, color(green)) ///
>     blabel(bar, size(medium) format(%9.2f) color(black)) ///
>     barwidth(0.5) ///
>     title("Standard Deviation of Residuals by HGC Category", size(large)) ///
>     yline(0, lwidth(medium) lcolor(gray)) ///
>     legend(off) ///
>     graphregion(color(white))
option barwidth() not allowed
r(198);

end of do-file

r(198);

. do "/var/folders/mq/_l2nmp6s2lv4lstvhswgymv00000gn/T//SD16254.000000"

. graph bar residuals, over(hgc, label(angle(0))) ///
>     ytitle("Standard Deviation of Residuals", size(medium)) ///
>     bar(1, color(green)) ///
>     blabel(bar, size(medium) format(%9.2f) color(black)) ///
>     title("Standard Deviation of Residuals by HGC Category", size(large)) ///
>     yline(0, lwidth(medium) lcolor(gray)) ///
>     legend(off) ///
>     graphregion(color(white))

. 
end of do-file

. do "/var/folders/mq/_l2nmp6s2lv4lstvhswgymv00000gn/T//SD16254.000000"

. graph bar residuals, over(hgc, label(angle(0))) ///
>     ytitle("Standard Deviation of Residuals", size(medium)) ///
>     bar(1, color(lightgreen)) ///
>     blabel(bar, size(medium) format(%9.2f) color(black)) ///
>     title("Standard Deviation of Residuals by HGC Category", size(large)) ///
>     yline(0, lwidth(medium) lcolor(gray)) ///
>     legend(off) ///
>     graphregion(color(white))
(note:  named style lightgreen not found in class color, default attributes used)
(note:  named style lightgreen not found in class color, default attributes used)

. 
end of do-file

. do "/var/folders/mq/_l2nmp6s2lv4lstvhswgymv00000gn/T//SD16254.000000"

. graph bar residuals, over(hgc, label(angle(0))) ///
>     ytitle("Standard Deviation of Residuals", size(medium)) ///
>     bar(1, color(midgreen)) ///
>     blabel(bar, size(medium) format(%9.2f) color(black)) ///
>     title("Standard Deviation of Residuals by HGC Category", size(large)) ///
>     yline(0, lwidth(medium) lcolor(gray)) ///
>     legend(off) ///
>     graphregion(color(white))

. 
end of do-file

. do "/var/folders/mq/_l2nmp6s2lv4lstvhswgymv00000gn/T//SD16254.000000"

. graph bar residuals, over(hgc, label(angle(0))) ///
>     ytitle("Standard Deviation of Residuals", size(medium)) ///
>     bar(1, color(midgreen)) ///
>     blabel(bar, size(medium) format(%6f) color(black)) ///
>     title("Standard Deviation of Residuals by HGC Category", size(large)) ///
>     yline(0, lwidth(medium) lcolor(gray)) ///
>     legend(off) ///
>     graphregion(color(white))

. 
end of do-file

. do "/var/folders/mq/_l2nmp6s2lv4lstvhswgymv00000gn/T//SD16254.000000"

. graph bar residuals, over(hgc, label(angle(0))) ///
>     ytitle("Standard Deviation of Residuals", size(medium)) ///
>     bar(1, color(midgreen)) ///
>     blabel(bar, size(small) format(%9.2f) color(black)) ///
>     title("Standard Deviation of Residuals by HGC Category", size(large)) ///
>     yline(0, lwidth(medium) lcolor(gray)) ///
>     legend(off) ///
>     graphregion(color(white))

. 
end of do-file

. do "/var/folders/mq/_l2nmp6s2lv4lstvhswgymv00000gn/T//SD16254.000000"

. graph bar residuals, over(hgc, label(angle(0))) ///
>     ylabel("Standard Deviation of Residuals", size(medium)) ///
>         xlabel("HGC category", size(medium)) ///
>     bar(1, color(midgreen)) ///
>     blabel(bar, size(small) format(%9.2f) color(black)) ///
>     title("Standard Deviation of Residuals by HGC Category", size(large)) ///
>     yline(0, lwidth(medium) lcolor(gray)) ///
>     legend(off) ///
>     graphregion(color(white))
xlabels(HGC not found
r(111);

end of do-file

r(111);

. do "/var/folders/mq/_l2nmp6s2lv4lstvhswgymv00000gn/T//SD16254.000000"

. graph bar residuals, over(hgc, label(angle(0))) ///
>     ylabel("Standard Deviation of Residuals", size(medium)) ///
>     xlabel(, size(medium)) ///
>     bar(1, color(midgreen)) ///
>     blabel(bar, size(small) format(%9.2f) color(black)) ///
>     title("Standard Deviation of Residuals by HGC Category", size(large)) ///
>     yline(0, lwidth(medium) lcolor(gray)) ///
>     legend(off) ///
>     graphregion(color(white))
xlabels(, size(medium)) not allowed, xaxis1 does not exist
r(198);

end of do-file

r(198);

. do "/var/folders/mq/_l2nmp6s2lv4lstvhswgymv00000gn/T//SD16254.000000"

. graph bar residuals, over(hgc, label(angle(0))) ///
>     ylabel("Standard Deviation of Residuals", size(medium)) ///
>     bar(1, color(midgreen)) ///
>     blabel(bar, size(small) format(%9.2f) color(black)) ///
>     title("Standard Deviation of Residuals by HGC Category", size(large)) ///
>     yline(0, lwidth(medium) lcolor(gray)) ///
>     legend(off) ///
>     graphregion(color(white))
invalid label specifier, :  "Standard Deviation of Residuals":
r(198);

end of do-file

r(198);

. do "/var/folders/mq/_l2nmp6s2lv4lstvhswgymv00000gn/T//SD16254.000000"

. graph bar residuals, over(hgc, label(angle(0))) ///
>     ytitle("Standard Deviation of Residuals", size(medium)) ///
>     bar(1, color(midgreen)) ///
>     blabel(bar, size(small) format(%9.2f) color(black)) ///
>     title("Standard Deviation of Residuals by HGC Category", size(large)) ///
>     yline(0, lwidth(medium) lcolor(gray)) ///
>     legend(off) ///
>     graphregion(color(white))

. 
end of do-file

. graph save "Graph" "/Users/dcy/Documents/Thesis/graph/Standard Deviation of Residuals by HGC Category.gph"
file /Users/dcy/Documents/Thesis/graph/Standard Deviation of Residuals by HGC Category.gph saved

. graph use "/Users/dcy/Documents/Thesis/graph/Standard Deviation of Residuals by HGC Category.gph"

